Copyright 1986-2020 Xilinx, Inc. All Rights Reserved.
-------------------------------------------------------------------------------------
| Tool Version : Vivado v.2020.2 (lin64) Build 3064766 Wed Nov 18 09:12:47 MST 2020
| Date         : Mon Dec  6 04:32:28 2021
| Host         : aadam-HP-ENVY-x360-Convertible running 64-bit Ubuntu 20.04.1 LTS
| Command      : report_control_sets -verbose -file datapath_control_sets_placed.rpt
| Design       : datapath
| Device       : xc7a35t
-------------------------------------------------------------------------------------

Control Set Information

Table of Contents
-----------------
1. Summary
2. Histogram
3. Flip-Flop Distribution
4. Detailed Control Set Information

1. Summary
----------

+----------------------------------------------------------+-------+
|                          Status                          | Count |
+----------------------------------------------------------+-------+
| Total control sets                                       |    14 |
|    Minimum number of control sets                        |    14 |
|    Addition due to synthesis replication                 |     0 |
|    Addition due to physical synthesis replication        |     0 |
| Unused register locations in slices containing registers |    20 |
+----------------------------------------------------------+-------+
* Control sets can be merged at opt_design using control_set_merge or merge_equivalent_drivers
** Run report_qor_suggestions for automated merging and remapping suggestions


2. Histogram
------------

+--------------------+-------+
|       Fanout       | Count |
+--------------------+-------+
| Total control sets |    14 |
| >= 0 to < 4        |     1 |
| >= 4 to < 6        |     0 |
| >= 6 to < 8        |     2 |
| >= 8 to < 10       |     1 |
| >= 10 to < 12      |     0 |
| >= 12 to < 14      |     0 |
| >= 14 to < 16      |     0 |
| >= 16              |    10 |
+--------------------+-------+
* Control sets can be remapped at either synth_design or opt_design


3. Flip-Flop Distribution
-------------------------

+--------------+-----------------------+------------------------+-----------------+--------------+
| Clock Enable | Synchronous Set/Reset | Asynchronous Set/Reset | Total Registers | Total Slices |
+--------------+-----------------------+------------------------+-----------------+--------------+
| No           | No                    | No                     |              14 |            4 |
| No           | No                    | Yes                    |               0 |            0 |
| No           | Yes                   | No                     |               0 |            0 |
| Yes          | No                    | No                     |            1024 |          256 |
| Yes          | No                    | Yes                    |               0 |            0 |
| Yes          | Yes                   | No                     |             190 |           50 |
+--------------+-----------------------+------------------------+-----------------+--------------+


4. Detailed Control Set Information
-----------------------------------

+-------------------------------------------------------+---------------------------------------------+-------------------------------------------+------------------+----------------+--------------+
|                      Clock Signal                     |                Enable Signal                |              Set/Reset Signal             | Slice Load Count | Bel Load Count | Bels / Slice |
+-------------------------------------------------------+---------------------------------------------+-------------------------------------------+------------------+----------------+--------------+
|  clk_IBUF_BUFG                                        | enDD_IBUF                                   |                                           |                1 |              3 |         3.00 |
|  clk_IBUF_BUFG                                        | INSTANTIATE_E_K_WRAPPER/E_K_CONTROLLER/E[0] | INSTANTIATE_E_K_WRAPPER/E_K_CONTROLLER/rc |                2 |              6 |         3.00 |
|  INSTANTIATE_E_K_WRAPPER/E_K_CONTROLLER/cnt_s_next__0 |                                             |                                           |                2 |              6 |         3.00 |
|  clk_IBUF_BUFG                                        |                                             |                                           |                2 |              8 |         4.00 |
|  clk_IBUF_BUFG                                        | enAM_IBUF                                   | A_M[127]_i_1_n_0                          |               13 |             32 |         2.46 |
|  clk_IBUF_BUFG                                        | Ci_T[127]_i_1_n_0                           | Ci_T[31]_i_1_n_0                          |               10 |             32 |         3.20 |
|  clk_IBUF_BUFG                                        | enDD_IBUF                                   | INSTANTIATE_LFSRD/z                       |               10 |             53 |         5.30 |
|  clk_IBUF_BUFG                                        | INSTANTIATE_E_K_WRAPPER/E_K_CONTROLLER/enIS | INSTANTIATE_E_K_WRAPPER/E_K_CONTROLLER/rc |               15 |             67 |         4.47 |
|  clk_IBUF_BUFG                                        | enAM_IBUF                                   |                                           |               18 |             96 |         5.33 |
|  clk_IBUF_BUFG                                        | Ci_T[127]_i_1_n_0                           |                                           |               31 |             96 |         3.10 |
|  clk_IBUF_BUFG                                        | enKey_IBUF                                  |                                           |               25 |            128 |         5.12 |
|  clk_IBUF_BUFG                                        | enN_IBUF                                    |                                           |               19 |            128 |         6.74 |
|  clk_IBUF_BUFG                                        | enS_IBUF                                    |                                           |               42 |            128 |         3.05 |
|  clk_IBUF_BUFG                                        | INSTANTIATE_E_K_WRAPPER/E_K_CONTROLLER/enIS |                                           |              120 |            445 |         3.71 |
+-------------------------------------------------------+---------------------------------------------+-------------------------------------------+------------------+----------------+--------------+


